2022-09-13T10:48:59.553Z - [[32MINFO[39M] - Receive from [NOTIFY_PUBLISH], event: ASSISTANT_APPROVE, time: 10.787699937820435ms
2022-09-13T10:55:10.208Z - [[32MINFO[39M] - Receive from [NOTIFY_PUBLISH], event: ASSISTANT_APPROVE, time: 5.667199969291687ms
2022-09-15T08:13:02.485Z - [[32MINFO[39M] - Receive from [NOTIFY_PUBLISH], event: EXPIRE_STUDENT, time: 131.33149993419647ms
2022-09-15T08:13:02.517Z - [[32MINFO[39M] - Receive from [NOTIFY_PUBLISH], event: EXPIRE_STUDENT, time: 146.7050999403ms
2022-09-15T08:13:02.518Z - [[32MINFO[39M] - Receive from [NOTIFY_PUBLISH], event: EXPIRE_STUDENT, time: 49.80370008945465ms
2022-09-15T08:33:16.370Z - [[32MINFO[39M] - Receive from [NOTIFY_PUBLISH], event: COURSE_REJECT, time: 47.03600001335144ms
2022-09-15T08:40:04.664Z - [[32MINFO[39M] - Receive from [NOTIFY_PUBLISH], event: COURSE_REJECT, time: 45.02609992027283ms
2022-09-15T08:43:24.746Z - [[32MINFO[39M] - Receive from [NOTIFY_PUBLISH], event: COURSE_REJECT, time: 65.20160007476807ms
2022-09-15T08:44:03.618Z - [[32MINFO[39M] - Receive from [NOTIFY_PUBLISH], event: COURSE_REJECT, time: 4.225600004196167ms
2022-09-15T08:46:33.421Z - [[32MINFO[39M] - Receive from [NOTIFY_PUBLISH], event: COURSE_APPROVE, time: 43.33050000667572ms
2022-09-15T08:50:05.261Z - [[32MINFO[39M] - Receive from [NOTIFY_PUBLISH], event: ASSISTANT_REJECT, time: 20.871299982070923ms
2022-09-15T08:50:30.772Z - [[32MINFO[39M] - Receive from [NOTIFY_PUBLISH], event: PAY_SUCCESS, time: 15.113300085067749ms
2022-09-15T09:00:04.404Z - [[32MINFO[39M] - Receive from [NOTIFY_PUBLISH], event: EXPIRE_STUDENT, time: 58.45959997177124ms
2022-09-15T09:00:04.412Z - [[32MINFO[39M] - Receive from [NOTIFY_PUBLISH], event: EXPIRE_STUDENT, time: 31.12969994544983ms
2022-09-15T09:00:04.414Z - [[32MINFO[39M] - Receive from [NOTIFY_PUBLISH], event: EXPIRE_STUDENT, time: 32.5786999464035ms
2022-09-15T09:00:04.433Z - [[32MINFO[39M] - Receive from [NOTIFY_PUBLISH], event: EXPIRE_STUDENT, time: 50.71089994907379ms
2022-09-15T09:11:11.833Z - [[32MINFO[39M] - Receive from [NOTIFY_PUBLISH], event: PAY_SUCCESS, time: 99.52509999275208ms
2022-09-15T09:12:51.961Z - [[32MINFO[39M] - Receive from [NOTIFY_PUBLISH], event: EXPIRE_STUDENT, time: 11.394400000572205ms
2022-09-15T09:27:48.706Z - [[32MINFO[39M] - Receive from [NOTIFY_PUBLISH], event: COURSE_APPROVE, time: 34.59240007400513ms
2022-09-15T09:30:19.401Z - [[32MINFO[39M] - Receive from [NOTIFY_PUBLISH], event: ASSISTANT_APPROVE, time: 8.285499930381775ms
2022-09-15T09:30:29.432Z - [[32MINFO[39M] - Receive from [NOTIFY_PUBLISH], event: EXPIRE_ASSISTANT, time: 5.378400087356567ms
2022-09-15T09:30:31.540Z - [[32MINFO[39M] - Receive from [NOTIFY_PUBLISH], event: ASSISTANT_REJECT, time: 7.721199989318848ms
2022-09-15T09:39:44.369Z - [[32MINFO[39M] - Receive from [NOTIFY_PUBLISH], event: ASSISTANT_APPROVE, time: 103.96370005607605ms
2022-09-15T09:41:24.241Z - [[32MINFO[39M] - Receive from [NOTIFY_PUBLISH], event: EXPIRE_ASSISTANT, time: 5.583700060844421ms
2022-09-15T09:44:31.961Z - [[32MINFO[39M] - Receive from [NOTIFY_PUBLISH], event: PAY_SUCCESS, time: 3.5816999673843384ms
2022-09-15T09:45:45.750Z - [[32MINFO[39M] - Receive from [NOTIFY_PUBLISH], event: PAY_SUCCESS, time: 4.554700016975403ms
2022-09-15T09:55:11.490Z - [[32MINFO[39M] - Receive from [NOTIFY_PUBLISH], event: PAY_SUCCESS, time: 33.36769998073578ms
2022-09-15T09:56:51.602Z - [[32MINFO[39M] - Receive from [NOTIFY_PUBLISH], event: EXPIRE_STUDENT, time: 17.92079997062683ms
2022-09-15T09:56:51.618Z - [[32MINFO[39M] - Receive from [NOTIFY_PUBLISH], event: EXPIRE_STUDENT, time: 27.827499985694885ms
2022-09-15T10:03:07.014Z - [[32MINFO[39M] - Receive from [NOTIFY_PUBLISH], event: PAY_SUCCESS, time: 59.606799960136414ms
2022-09-15T10:04:47.287Z - [[32MINFO[39M] - Receive from [NOTIFY_PUBLISH], event: EXPIRE_STUDENT, time: 12.612399935722351ms
2022-09-15T10:04:47.289Z - [[32MINFO[39M] - Receive from [NOTIFY_PUBLISH], event: EXPIRE_STUDENT, time: 5.726300001144409ms
2022-09-15T16:15:28.399Z - [[32MINFO[39M] - Receive from [NOTIFY_PUBLISH], event: ASSISTANT_APPROVE, time: 182.4831999540329ms
2022-09-15T16:15:46.733Z - [[32MINFO[39M] - Receive from [NOTIFY_PUBLISH], event: ASSISTANT_INTERVIEWING, time: 17.901700019836426ms
2022-09-15T16:19:22.388Z - [[32MINFO[39M] - Receive from [NOTIFY_PUBLISH], event: ASSISTANT_APPROVE, time: 43.20829999446869ms
2022-09-15T16:19:37.915Z - [[32MINFO[39M] - Receive from [NOTIFY_PUBLISH], event: ASSISTANT_APPROVE, time: 6.719499945640564ms
2022-09-15T16:34:16.843Z - [[32MINFO[39M] - Receive from [NOTIFY_PUBLISH], event: PAY_SUCCESS, time: 52.54439997673035ms
2022-09-15T16:48:33.523Z - [[32MINFO[39M] - Receive from [NOTIFY_PUBLISH], event: CREATE_LECTURE, time: 163.91429996490479ms
2022-09-15T16:48:33.581Z - [[32MINFO[39M] - Receive from [NOTIFY_PUBLISH], event: CREATE_EXERCISE, time: 96.62489998340607ms
2022-09-15T16:52:41.236Z - [[32MINFO[39M] - Receive from [NOTIFY_PUBLISH], event: CREATE_LECTURE, time: 17.84850001335144ms
2022-09-15T16:52:41.245Z - [[32MINFO[39M] - Receive from [NOTIFY_PUBLISH], event: CREATE_EXERCISE, time: 22.638500094413757ms
2022-09-15T16:54:23.475Z - [[32MINFO[39M] - Receive from [NOTIFY_PUBLISH], event: CREATE_LECTURE, time: 9.6114000082016ms
2022-09-15T16:54:23.478Z - [[32MINFO[39M] - Receive from [NOTIFY_PUBLISH], event: CREATE_EXERCISE, time: 6.529100060462952ms
2022-09-15T17:44:48.564Z - [[32MINFO[39M] - Receive from [ACCOUNT_CHANGED], event: [CREATE_ACCOUNT], time: [object Object]ms
2022-09-15T17:47:37.491Z - [[32MINFO[39M] - Receive from [NOTIFY_PUBLISH], event: PAY_SUCCESS, time: 26.142300009727478ms
2022-09-15T18:14:26.863Z - [[32MINFO[39M] - Receive from [NOTIFY_PUBLISH], event: CREATE_LECTURE, time: 86.01310002803802ms
2022-09-15T18:14:26.871Z - [[32MINFO[39M] - Receive from [NOTIFY_PUBLISH], event: CREATE_EXERCISE, time: 18.890599966049194ms
2022-09-15T18:26:12.326Z - [[32MINFO[39M] - Receive from [NOTIFY_PUBLISH], event: SCORED_COMPLETELY, time: 55.875500082969666ms
2022-09-15T18:28:59.703Z - [[32MINFO[39M] - Receive from [NOTIFY_PUBLISH], event: SCORED_COMPLETELY, time: 28.04770004749298ms
2022-09-15T18:28:59.707Z - [[32MINFO[39M] - Receive from [NOTIFY_PUBLISH], event: SCORED_COMPLETELY, time: 11.807600021362305ms
2022-09-15T18:35:59.546Z - [[32MINFO[39M] - Receive from [ACCOUNT_CHANGED], event: [STUDENT_UPDATED], time: [object Object]ms
2022-09-15T18:36:13.091Z - [[32MINFO[39M] - Receive from [ACCOUNT_CHANGED], event: [STUDENT_UPDATED], time: [object Object]ms
2022-09-15T18:43:41.381Z - [[32MINFO[39M] - Receive from [NOTIFY_PUBLISH], event: CREATE_LECTURE, time: 77.37689995765686ms
2022-09-15T18:43:41.392Z - [[32MINFO[39M] - Receive from [NOTIFY_PUBLISH], event: CREATE_EXERCISE, time: 17.92079997062683ms
2022-09-15T18:52:04.910Z - [[32MINFO[39M] - Receive from [NOTIFY_PUBLISH], event: COMMENT_IN_POST, time: 60.89230000972748ms
2022-09-15T18:52:04.921Z - [[32MINFO[39M] - Receive from [NOTIFY_PUBLISH], event: COMMENT_IN_POST, time: 56.682299971580505ms
2022-09-15T18:52:45.489Z - [[32MINFO[39M] - Receive from [NOTIFY_PUBLISH], event: COMMENT_IN_POST, time: 10.5035001039505ms
2022-09-15T18:52:45.492Z - [[32MINFO[39M] - Receive from [NOTIFY_PUBLISH], event: COMMENT_IN_POST, time: 13.184400081634521ms
2022-09-15T18:55:49.101Z - [[32MINFO[39M] - Receive from [NOTIFY_PUBLISH], event: COMMENT_IN_POST, time: 6.966699957847595ms
2022-09-15T18:55:49.104Z - [[32MINFO[39M] - Receive from [NOTIFY_PUBLISH], event: COMMENT_IN_POST, time: 5.276700019836426ms
2022-09-15T18:59:27.241Z - [[32MINFO[39M] - Receive from [NOTIFY_PUBLISH], event: REPLY_IN_POST, time: 46.95560002326965ms
2022-09-15T19:00:52.411Z - [[32MINFO[39M] - Receive from [NOTIFY_PUBLISH], event: REPLY_IN_POST, time: 4.287500023841858ms
2022-09-15T19:03:48.138Z - [[32MINFO[39M] - Receive from [NOTIFY_PUBLISH], event: REPLY_IN_POST, time: 21.255800008773804ms
