2022-09-15T08:32:46.911Z - [[32MINFO[39M] - Receive from [COURSE_CHANGED]
2022-09-15T08:32:46.917Z - [[32MINFO[39M] - event: CREATE_COURSE
2022-09-15T08:32:46.917Z - [[32MINFO[39M] - time: 162.36039996147156ms
2022-09-15T08:33:16.352Z - [[32MINFO[39M] - Receive from [COURSE_CHANGED]
2022-09-15T08:33:16.352Z - [[32MINFO[39M] - event: DELETE_COURSE
2022-09-15T08:33:16.353Z - [[32MINFO[39M] - time: 20.353399991989136ms
2022-09-15T08:39:55.282Z - [[32MINFO[39M] - Receive from [COURSE_CHANGED]
2022-09-15T08:39:55.288Z - [[32MINFO[39M] - event: CREATE_COURSE
2022-09-15T08:39:55.290Z - [[32MINFO[39M] - time: 60.73740005493164ms
2022-09-15T08:40:04.649Z - [[32MINFO[39M] - Receive from [COURSE_CHANGED]
2022-09-15T08:40:04.650Z - [[32MINFO[39M] - event: DELETE_COURSE
2022-09-15T08:40:04.650Z - [[32MINFO[39M] - time: 20.572100043296814ms
2022-09-15T08:41:15.678Z - [[32MINFO[39M] - Receive from [COURSE_CHANGED]
2022-09-15T08:41:15.680Z - [[32MINFO[39M] - event: RESTORE_COURSE
2022-09-15T08:41:15.680Z - [[32MINFO[39M] - time: 0.04679989814758301ms
2022-09-15T08:46:33.458Z - [[32MINFO[39M] - Receive from [COURSE_CHANGED]
2022-09-15T08:46:33.460Z - [[32MINFO[39M] - event: UPDATE_COURSE
2022-09-15T08:46:33.462Z - [[32MINFO[39M] - time: 18.18119990825653ms
2022-09-15T08:48:31.050Z - [[32MINFO[39M] - Receive from [TEACHER_CENSOR]
2022-09-15T08:48:31.050Z - [[32MINFO[39M] - event: REQUEST_ASSISTANT
2022-09-15T08:48:31.050Z - [[32MINFO[39M] - time: 19.988499999046326ms
2022-09-15T09:22:23.401Z - [[32MINFO[39M] - Receive from [COURSE_CHANGED], event: CREATE_COURSEtime: 121.34119999408722ms
2022-09-15T09:26:25.772Z - [[32MINFO[39M] - Receive from [COURSE_CHANGED], event: UPDATE_COURSEtime: 59.97640001773834ms
2022-09-15T09:27:48.671Z - [[32MINFO[39M] - Receive from [COURSE_CHANGED], event: UPDATE_COURSEtime: 9.700800061225891ms
2022-09-15T09:28:09.233Z - [[32MINFO[39M] - Receive from [TEACHER_CENSOR]
2022-09-15T09:28:13.243Z - [[32MINFO[39M] - Receive from [TEACHER_CENSOR]
2022-09-15T09:30:19.411Z - [[32MINFO[39M] - Receive from [ASSISTANT_CHANGED], event: [ADD_ASSISTANT_TO_SERVICE], time: 0.16100001335144043ms
2022-09-15T09:30:29.423Z - [[32MINFO[39M] - Receive from [ASSISTANT_CHANGED], event: [EXPIRE_ASSISTANT_CONTRACT], time: 5.0782999992370605ms
2022-09-15T09:39:35.533Z - [[32MINFO[39M] - Receive from [TEACHER_CENSOR]
2022-09-15T09:39:44.231Z - [[32MINFO[39M] - Receive from [ASSISTANT_CHANGED], event: [ADD_ASSISTANT_TO_SERVICE], time: 0.06120002269744873ms
2022-09-15T09:41:24.232Z - [[32MINFO[39M] - Receive from [ASSISTANT_CHANGED], event: [EXPIRE_ASSISTANT_CONTRACT], time: 4.196300029754639ms
2022-09-15T16:15:03.404Z - [[32MINFO[39M] - Receive from [TEACHER_CENSOR]
2022-09-15T16:15:08.344Z - [[32MINFO[39M] - Receive from [TEACHER_CENSOR]
2022-09-15T16:15:28.233Z - [[32MINFO[39M] - Receive from [ASSISTANT_CHANGED], event: [ADD_ASSISTANT_TO_SERVICE], time: 0.2676999568939209ms
2022-09-15T16:19:22.415Z - [[32MINFO[39M] - Receive from [ASSISTANT_CHANGED], event: [ADD_ASSISTANT_TO_SERVICE], time: 0.2482999563217163ms
2022-09-15T16:19:37.925Z - [[32MINFO[39M] - Receive from [ASSISTANT_CHANGED], event: [ADD_ASSISTANT_TO_SERVICE], time: 0.0475999116897583ms
2022-09-15T16:36:00.114Z - [[32MINFO[39M] - Receive from [TEACHER_CENSOR]
