2022-09-15T08:11:22.267Z - [[32MINFO[39M] - Receive from [PROGRESS_CHANGED], event: [ADD_COURSE_TO_PROGRESS], time: 5.116099953651428ms
2022-09-15T08:11:22.298Z - [[32MINFO[39M] - Receive from [PROGRESS_CHANGED], event: [ADD_COURSE_TO_PROGRESS], time: 0.24300003051757812ms
2022-09-15T08:11:22.299Z - [[32MINFO[39M] - Receive from [PROGRESS_CHANGED], event: [ADD_COURSE_TO_PROGRESS], time: 0.06959998607635498ms
2022-09-15T08:13:02.386Z - [[32MINFO[39M] - Receive from [PROGRESS_CHANGED], event: [EXPIRE_COURSE_IN_PROGRESS], time: 5.154300093650818ms
2022-09-15T08:13:02.388Z - [[32MINFO[39M] - Receive from [PROGRESS_CHANGED], event: [EXPIRE_COURSE_IN_PROGRESS], time: 75.12340009212494ms
2022-09-15T08:13:02.389Z - [[32MINFO[39M] - Receive from [PROGRESS_CHANGED], event: [EXPIRE_COURSE_IN_PROGRESS], time: 8.210600018501282ms
2022-09-15T08:33:16.328Z - [[32MINFO[39M] - Receive from [COURSE_STATE_CHANGED], event: DELETE_COURSE
2022-09-15T08:33:16.329Z - [[32MINFO[39M] - time: 23.97029995918274ms
2022-09-15T08:40:04.619Z - [[32MINFO[39M] - Receive from [COURSE_STATE_CHANGED], event: DELETE_COURSE
2022-09-15T08:40:04.622Z - [[32MINFO[39M] - time: 16.440500020980835ms
2022-09-15T08:46:33.424Z - [[32MINFO[39M] - Receive from [COURSE_STATE_CHANGED], event: UPDATE_COURSE
2022-09-15T08:46:33.427Z - [[32MINFO[39M] - time: 48.023800015449524ms
2022-09-15T08:50:30.783Z - [[32MINFO[39M] - Receive from [ENROLL_COURSE]
2022-09-15T08:50:30.783Z - [[32MINFO[39M] - data: [object Object]
2022-09-15T08:50:30.784Z - [[32MINFO[39M] - time: 30.54510009288788ms
2022-09-15T08:58:24.322Z - [[32MINFO[39M] - Receive from [PROGRESS_CHANGED], event: [ADD_COURSE_TO_PROGRESS], time: 1.8664000034332275ms
2022-09-15T08:58:24.328Z - [[32MINFO[39M] - Receive from [PROGRESS_CHANGED], event: [ADD_COURSE_TO_PROGRESS], time: 0.21780002117156982ms
2022-09-15T08:58:24.328Z - [[32MINFO[39M] - Receive from [PROGRESS_CHANGED], event: [ADD_COURSE_TO_PROGRESS], time: 0.10199999809265137ms
2022-09-15T08:58:24.329Z - [[32MINFO[39M] - Receive from [PROGRESS_CHANGED], event: [ADD_COURSE_TO_PROGRESS], time: 0.035899996757507324ms
2022-09-15T09:00:04.371Z - [[32MINFO[39M] - Receive from [PROGRESS_CHANGED], event: [EXPIRE_COURSE_IN_PROGRESS], time: 43.17770004272461ms
2022-09-15T09:00:04.373Z - [[32MINFO[39M] - Receive from [PROGRESS_CHANGED], event: [EXPIRE_COURSE_IN_PROGRESS], time: 12.934000015258789ms
2022-09-15T09:00:04.374Z - [[32MINFO[39M] - Receive from [PROGRESS_CHANGED], event: [EXPIRE_COURSE_IN_PROGRESS], time: 14.552299976348877ms
2022-09-15T09:00:04.375Z - [[32MINFO[39M] - Receive from [PROGRESS_CHANGED], event: [EXPIRE_COURSE_IN_PROGRESS], time: 14.465999960899353ms
2022-09-15T09:11:11.707Z - [[32MINFO[39M] - Receive from [ENROLL_COURSE]
2022-09-15T09:11:11.718Z - [[32MINFO[39M] - data: [object Object]
2022-09-15T09:11:11.718Z - [[32MINFO[39M] - time: 21.82290005683899ms
2022-09-15T09:11:11.928Z - [[32MINFO[39M] - Receive from [PROGRESS_CHANGED], event: [ADD_COURSE_TO_PROGRESS], time: 0.12919998168945312ms
2022-09-15T09:12:51.963Z - [[32MINFO[39M] - Receive from [PROGRESS_CHANGED], event: [EXPIRE_COURSE_IN_PROGRESS], time: 15.600099921226501ms
2022-09-15T09:27:48.653Z - [[32MINFO[39M] - Receive from [COURSE_STATE_CHANGED], event: UPDATE_COURSE time: 13.757400035858154ms
2022-09-15T09:30:19.428Z - [[32MINFO[39M] - Receive from [ASSISTANT_CHANGED], event: [ADD_ASSISTANT_TO_SERVICE], time: 20.383399963378906ms
2022-09-15T09:30:29.424Z - [[32MINFO[39M] - Receive from [ASSISTANT_CHANGED], event: [EXPIRE_ASSISTANT_CONTRACT], time: 6.1545000076293945ms
2022-09-15T09:39:44.367Z - [[32MINFO[39M] - Receive from [ASSISTANT_CHANGED], event: [ADD_ASSISTANT_TO_SERVICE], time: 60.229300022125244ms
2022-09-15T09:41:24.234Z - [[32MINFO[39M] - Receive from [ASSISTANT_CHANGED], event: [EXPIRE_ASSISTANT_CONTRACT], time: 5.39139997959137ms
2022-09-15T09:44:32.011Z - [[32MINFO[39M] - Receive from [ENROLL_COURSE]
2022-09-15T09:44:32.012Z - [[32MINFO[39M] - data: [object Object],[object Object]
2022-09-15T09:44:32.012Z - [[32MINFO[39M] - time: 54.745100021362305ms
2022-09-15T09:45:45.743Z - [[32MINFO[39M] - Receive from [ENROLL_COURSE]
2022-09-15T09:45:45.744Z - [[32MINFO[39M] - data: 
2022-09-15T09:45:45.745Z - [[32MINFO[39M] - time: 0.0615999698638916ms
2022-09-15T09:51:53.007Z - [[32MINFO[39M] - Receive from [PROGRESS_CHANGED], event: [ADD_COURSE_TO_PROGRESS], time: 4.150099992752075ms
2022-09-15T09:55:11.482Z - [[32MINFO[39M] - Receive from [ENROLL_COURSE]
2022-09-15T09:55:11.483Z - [[32MINFO[39M] - data: [object Object],[object Object]
2022-09-15T09:55:11.483Z - [[32MINFO[39M] - time: 41.92750000953674ms
2022-09-15T09:55:11.556Z - [[32MINFO[39M] - Receive from [PROGRESS_CHANGED], event: [ADD_COURSE_TO_PROGRESS], time: 0.024500012397766113ms
2022-09-15T09:56:51.592Z - [[32MINFO[39M] - Receive from [PROGRESS_CHANGED], event: [EXPIRE_COURSE_IN_PROGRESS], time: 12.40530002117157ms
2022-09-15T09:56:51.594Z - [[32MINFO[39M] - Receive from [PROGRESS_CHANGED], event: [EXPIRE_COURSE_IN_PROGRESS], time: 2.2080999612808228ms
2022-09-15T10:03:07.055Z - [[32MINFO[39M] - Receive from [ENROLL_COURSE]
2022-09-15T10:03:07.056Z - [[32MINFO[39M] - data: [object Object],[object Object]
2022-09-15T10:03:07.057Z - [[32MINFO[39M] - time: 95.29089999198914ms
2022-09-15T10:03:07.248Z - [[32MINFO[39M] - Receive from [PROGRESS_CHANGED], event: [ADD_COURSE_TO_PROGRESS], time: 0.1699000597000122ms
2022-09-15T10:04:47.273Z - [[32MINFO[39M] - Receive from [PROGRESS_CHANGED], event: [EXPIRE_COURSE_IN_PROGRESS], time: 3.0026999711990356ms
2022-09-15T10:04:47.274Z - [[32MINFO[39M] - Receive from [PROGRESS_CHANGED], event: [EXPIRE_COURSE_IN_PROGRESS], time: 2.0206000804901123ms
2022-09-15T16:15:28.487Z - [[32MINFO[39M] - Receive from [ASSISTANT_CHANGED], event: [ADD_ASSISTANT_TO_SERVICE], time: 193.34850001335144ms
2022-09-15T16:19:22.482Z - [[32MINFO[39M] - Receive from [ASSISTANT_CHANGED], event: [ADD_ASSISTANT_TO_SERVICE], time: 49.19969999790192ms
2022-09-15T16:19:37.934Z - [[32MINFO[39M] - Receive from [ASSISTANT_CHANGED], event: [ADD_ASSISTANT_TO_SERVICE], time: 8.721099972724915ms
2022-09-15T16:34:16.914Z - [[32MINFO[39M] - Receive from [ENROLL_COURSE]
2022-09-15T16:34:16.916Z - [[32MINFO[39M] - data: [object Object],[object Object]
2022-09-15T16:34:16.918Z - [[32MINFO[39M] - time: 120.24049997329712ms
2022-09-15T16:34:17.162Z - [[32MINFO[39M] - Receive from [PROGRESS_CHANGED], event: [ADD_COURSE_TO_PROGRESS], time: 0.5054999589920044ms
2022-09-15T16:36:26.037Z - [[32MINFO[39M] - Receive from [RATING_STATE_CHANGED], event: APPROVE_STATE, time: 23.358199954032898ms
2022-09-15T17:44:48.360Z - [[32MINFO[39M] - Receive from [UPDATE_PROFILE], event: [CREATE_ACCOUNT], time: 2.0160000324249268ms
2022-09-15T17:47:37.602Z - [[32MINFO[39M] - Receive from [ENROLL_COURSE]
2022-09-15T17:47:37.603Z - [[32MINFO[39M] - data: [object Object]
2022-09-15T17:47:37.603Z - [[32MINFO[39M] - time: 142.71679997444153ms
2022-09-15T17:47:37.717Z - [[32MINFO[39M] - Receive from [PROGRESS_CHANGED], event: [ADD_COURSE_TO_PROGRESS], time: 0.14549994468688965ms
2022-09-15T18:35:59.581Z - [[32MINFO[39M] - Receive from [UPDATE_PROFILE], event: [STUDENT_UPDATED], time: 79.35270011425018ms
2022-09-15T18:36:13.092Z - [[32MINFO[39M] - Receive from [UPDATE_PROFILE], event: [STUDENT_UPDATED], time: 10.034300088882446ms
