2022-09-15T08:39:55.223Z - [[32MINFO[39M] - Receive from [COURSE_CHANGED], event: [CREATE_COURSE], time: 29.12279999256134ms
2022-09-15T08:40:04.647Z - [[32MINFO[39M] - Receive from [COURSE_CHANGED], event: [DELETE_COURSE], time: 16.21559989452362ms
2022-09-15T08:41:15.682Z - [[32MINFO[39M] - Receive from [COURSE_CHANGED], event: [RESTORE_COURSE], time: 3.820099949836731ms
2022-09-15T08:46:33.504Z - [[32MINFO[39M] - Receive from [COURSE_CHANGED], event: [UPDATE_COURSE], time: 44.372300028800964ms
2022-09-15T08:50:05.228Z - [[32MINFO[39M] - Receive from [ASSISTANT_STATE_CHANGED], event: REJECT_STATE
2022-09-15T08:50:05.229Z - [[32MINFO[39M] - time: 6.32480001449585ms
2022-09-15T09:22:23.364Z - [[32MINFO[39M] - Receive from [COURSE_CHANGED], event: [CREATE_COURSE], time: 90.2033998966217ms
2022-09-15T09:26:25.751Z - [[32MINFO[39M] - Receive from [COURSE_CHANGED], event: [UPDATE_COURSE], time: 39.069300055503845ms
2022-09-15T09:27:48.684Z - [[32MINFO[39M] - Receive from [COURSE_CHANGED], event: [UPDATE_COURSE], time: 20.45739996433258ms
2022-09-15T09:30:19.403Z - [[32MINFO[39M] - Receive from [ASSISTANT_STATE_CHANGED], event: APPROVE_STATE
2022-09-15T09:30:19.403Z - [[32MINFO[39M] - time: 10.920300006866455ms
2022-09-15T09:30:31.535Z - [[32MINFO[39M] - Receive from [ASSISTANT_STATE_CHANGED], event: REJECT_STATE
2022-09-15T09:30:31.536Z - [[32MINFO[39M] - time: 6.224499940872192ms
2022-09-15T09:39:44.207Z - [[32MINFO[39M] - Receive from [ASSISTANT_STATE_CHANGED], event: APPROVE_STATE
2022-09-15T09:39:44.210Z - [[32MINFO[39M] - time: 7.351200103759766ms
2022-09-15T16:15:28.199Z - [[32MINFO[39M] - Receive from [ASSISTANT_STATE_CHANGED], event: APPROVE_STATE
2022-09-15T16:15:28.221Z - [[32MINFO[39M] - time: 19.569600105285645ms
2022-09-15T16:15:46.722Z - [[32MINFO[39M] - Receive from [ASSISTANT_STATE_CHANGED], event: INTERVIEWING_STATE
2022-09-15T16:15:46.727Z - [[32MINFO[39M] - time: 12.152500033378601ms
2022-09-15T16:19:22.397Z - [[32MINFO[39M] - Receive from [ASSISTANT_STATE_CHANGED], event: APPROVE_STATE
2022-09-15T16:19:22.401Z - [[32MINFO[39M] - time: 48.74150002002716ms
2022-09-15T16:19:37.919Z - [[32MINFO[39M] - Receive from [ASSISTANT_STATE_CHANGED], event: APPROVE_STATE
2022-09-15T16:19:37.919Z - [[32MINFO[39M] - time: 9.9135000705719ms
2022-09-15T17:44:48.337Z - [[32MINFO[39M] - Receive from [ACCOUNT_CHANGED], event: [CREATE_ACCOUNT], time: 3.333400011062622ms
2022-09-15T18:35:59.467Z - [[32MINFO[39M] - Receive from [ACCOUNT_CHANGED], event: [STUDENT_UPDATED], time: 0.37769997119903564ms
2022-09-15T18:36:13.082Z - [[32MINFO[39M] - Receive from [ACCOUNT_CHANGED], event: [STUDENT_UPDATED], time: 0.017399907112121582ms
