2022-09-15T08:32:46.863Z - [[32MINFO[39M] - Receive from [COURSE_CHANGED], event: [CREATE_COURSE], time: 123.23199999332428ms
2022-09-15T08:33:16.367Z - [[32MINFO[39M] - Receive from [COURSE_CHANGED], event: [DELETE_COURSE], time: 29.802900075912476ms
2022-09-15T08:39:55.284Z - [[32MINFO[39M] - Receive from [COURSE_CHANGED], event: [CREATE_COURSE], time: 61.41190004348755ms
2022-09-15T08:40:04.641Z - [[32MINFO[39M] - Receive from [COURSE_CHANGED], event: [DELETE_COURSE], time: 11.909899950027466ms
2022-09-15T08:41:15.683Z - [[32MINFO[39M] - Receive from [COURSE_CHANGED], event: [RESTORE_COURSE], time: 3.7967000007629395ms
2022-09-15T08:46:33.503Z - [[32MINFO[39M] - Receive from [COURSE_CHANGED], event: [UPDATE_COURSE], time: 45.0404999256134ms
2022-09-15T09:22:23.367Z - [[32MINFO[39M] - Receive from [COURSE_CHANGED], event: [CREATE_COURSE], time: 90.48710000514984ms
2022-09-15T09:26:25.761Z - [[32MINFO[39M] - Receive from [COURSE_CHANGED], event: [UPDATE_COURSE], time: 48.28559994697571ms
2022-09-15T09:27:48.682Z - [[32MINFO[39M] - Receive from [COURSE_CHANGED], event: [UPDATE_COURSE], time: 15.12119996547699ms
2022-09-15T09:30:19.418Z - [[32MINFO[39M] - Receive from [ASSISTANT_CHANGED], event: [ADD_ASSISTANT_TO_SERVICE], time: [object Object]ms
2022-09-15T09:30:29.424Z - [[32MINFO[39M] - Receive from [ASSISTANT_CHANGED], event: [EXPIRE_ASSISTANT_CONTRACT], time: [object Object]ms
2022-09-15T09:39:44.554Z - [[32MINFO[39M] - Receive from [ASSISTANT_CHANGED], event: [ADD_ASSISTANT_TO_SERVICE], time: [object Object]ms
2022-09-15T09:41:24.238Z - [[32MINFO[39M] - Receive from [ASSISTANT_CHANGED], event: [EXPIRE_ASSISTANT_CONTRACT], time: [object Object]ms
2022-09-15T16:15:28.434Z - [[32MINFO[39M] - Receive from [ASSISTANT_CHANGED], event: [ADD_ASSISTANT_TO_SERVICE], time: [object Object]ms
2022-09-15T16:19:22.479Z - [[32MINFO[39M] - Receive from [ASSISTANT_CHANGED], event: [ADD_ASSISTANT_TO_SERVICE], time: [object Object]ms
2022-09-15T16:19:37.935Z - [[32MINFO[39M] - Receive from [ASSISTANT_CHANGED], event: [ADD_ASSISTANT_TO_SERVICE], time: [object Object]ms
2022-09-15T16:48:33.355Z - [[32MINFO[39M] - Receive from [CHAPTER_CHANGED], event: CREATE_CHAPTER
2022-09-15T18:43:41.285Z - [[32MINFO[39M] - Receive from [CHAPTER_CHANGED], event: CREATE_CHAPTER
2022-09-15T18:43:41.339Z - [[32MINFO[39M] - Receive from [LESSON_CHANGED], event: CREATE_EXERCISE
2022-09-15T18:43:41.339Z - [[32MINFO[39M] - time: 47.80200004577637ms
2022-09-15T18:43:41.343Z - [[32MINFO[39M] - Receive from [LESSON_CHANGED], event: CREATE_LECTURE
2022-09-15T18:43:41.344Z - [[32MINFO[39M] - time: 55.62049996852875ms
