2022-09-15T08:11:22.476Z - [[32MINFO[39M] - Receive from [PROGRESS_CHANGED], event: [ADD_COURSE_TO_PROGRESS], time: 180.80600011348724ms
2022-09-15T08:11:22.504Z - [[32MINFO[39M] - Receive from [PROGRESS_CHANGED], event: [ADD_COURSE_TO_PROGRESS], time: 212.978600025177ms
2022-09-15T08:11:22.513Z - [[32MINFO[39M] - Receive from [PROGRESS_CHANGED], event: [ADD_COURSE_TO_PROGRESS], time: 269.52500009536743ms
2022-09-15T08:13:02.351Z - [[32MINFO[39M] - Receive from [PROGRESS_CHANGED], event: [EXPIRE_COURSE_IN_PROGRESS], time: 40.48840010166168ms
2022-09-15T08:39:55.262Z - [[32MINFO[39M] - Receive from [COURSE_CHANGED], event: [CREATE_COURSE], time: 69.55339992046356ms
2022-09-15T08:40:04.651Z - [[32MINFO[39M] - Receive from [COURSE_CHANGED], event: [DELETE_COURSE], time: 22.86299991607666ms
2022-09-15T08:41:15.695Z - [[32MINFO[39M] - Receive from [COURSE_CHANGED], event: [RESTORE_COURSE], time: 16.02520000934601ms
2022-09-15T08:46:33.537Z - [[32MINFO[39M] - Receive from [COURSE_CHANGED], event: [UPDATE_COURSE], time: 83.09809994697571ms
2022-09-15T08:48:41.014Z - [[32MINFO[39M] - Receive from [CART_CHANGED], event: [ADD_TO_CART], time: 44.81029999256134ms
2022-09-15T08:50:25.384Z - [[32MINFO[39M] - Receive from [BUDGET_CHANGED], event: [RECHARGE_BUDGET], time: 18.425599932670593ms
2022-09-15T08:50:30.664Z - [[32MINFO[39M] - Receive from [ORDER_CHANGED], event: [CREATE_ORDER], time: 31.729300022125244ms
2022-09-15T08:50:30.698Z - [[32MINFO[39M] - Receive from [BUDGET_CHANGED], event: [TRANSFER_BUDGET], time: 0.6152000427246094ms
2022-09-15T08:50:30.782Z - [[32MINFO[39M] - Receive from [ORDER_CHANGED], event: [UPDATE_IN_ORDER], time: 51.659600019454956ms
2022-09-15T08:50:30.800Z - [[32MINFO[39M] - Receive from [CART_CHANGED], event: [REMOVE_ALL_CART], time: 48.866299986839294ms
2022-09-15T08:58:24.376Z - [[32MINFO[39M] - Receive from [PROGRESS_CHANGED], event: [ADD_COURSE_TO_PROGRESS], time: 56.5845000743866ms
2022-09-15T08:58:24.390Z - [[32MINFO[39M] - Receive from [PROGRESS_CHANGED], event: [ADD_COURSE_TO_PROGRESS], time: 56.384899973869324ms
2022-09-15T08:58:24.407Z - [[32MINFO[39M] - Receive from [PROGRESS_CHANGED], event: [ADD_COURSE_TO_PROGRESS], time: 73.04960000514984ms
2022-09-15T08:58:24.416Z - [[32MINFO[39M] - Receive from [PROGRESS_CHANGED], event: [ADD_COURSE_TO_PROGRESS], time: 81.13629996776581ms
2022-09-15T09:00:04.361Z - [[32MINFO[39M] - Receive from [PROGRESS_CHANGED], event: [EXPIRE_COURSE_IN_PROGRESS], time: 35.68340003490448ms
2022-09-15T09:10:58.579Z - [[32MINFO[39M] - Receive from [CART_CHANGED], event: [ADD_TO_CART], time: 173.91939997673035ms
2022-09-15T09:11:11.357Z - [[32MINFO[39M] - Receive from [ORDER_CHANGED], event: [CREATE_ORDER], time: 22.034799933433533ms
2022-09-15T09:11:11.636Z - [[32MINFO[39M] - Receive from [BUDGET_CHANGED], event: [TRANSFER_BUDGET], time: 0.3855999708175659ms
2022-09-15T09:11:11.699Z - [[32MINFO[39M] - Receive from [ORDER_CHANGED], event: [UPDATE_IN_ORDER], time: 45.622000098228455ms
2022-09-15T09:11:11.721Z - [[32MINFO[39M] - Receive from [CART_CHANGED], event: [REMOVE_ALL_CART], time: 33.553500056266785ms
2022-09-15T09:11:11.938Z - [[32MINFO[39M] - Receive from [PROGRESS_CHANGED], event: [ADD_COURSE_TO_PROGRESS], time: 11.279399991035461ms
2022-09-15T09:12:51.963Z - [[32MINFO[39M] - Receive from [PROGRESS_CHANGED], event: [EXPIRE_COURSE_IN_PROGRESS], time: 15.167199969291687ms
2022-09-15T09:22:08.866Z - [[32MINFO[39M] - Receive from [BUDGET_CHANGED], event: [RECHARGE_BUDGET], time: 43.40719997882843ms
2022-09-15T09:22:23.264Z - [[32MINFO[39M] - Receive from [COURSE_CHANGED], event: [CREATE_COURSE], time: 24.93279993534088ms
2022-09-15T09:26:25.745Z - [[32MINFO[39M] - Receive from [COURSE_CHANGED], event: [UPDATE_COURSE], time: 32.53629994392395ms
2022-09-15T09:27:48.707Z - [[32MINFO[39M] - Receive from [COURSE_CHANGED], event: [UPDATE_COURSE], time: 42.038699984550476ms
2022-09-15T09:30:19.432Z - [[32MINFO[39M] - Receive from [ASSISTANT_CHANGED], event: [ADD_ASSISTANT_TO_SERVICE], time: 19.4481999874115ms
2022-09-15T09:30:29.433Z - [[32MINFO[39M] - Receive from [ASSISTANT_CHANGED], event: [EXPIRE_ASSISTANT_CONTRACT], time: 15.047300100326538ms
2022-09-15T09:39:45.189Z - [[32MINFO[39M] - Receive from [ASSISTANT_CHANGED], event: [ADD_ASSISTANT_TO_SERVICE], time: 631.1065000295639ms
2022-09-15T09:41:24.251Z - [[32MINFO[39M] - Receive from [ASSISTANT_CHANGED], event: [EXPIRE_ASSISTANT_CONTRACT], time: 22.741400003433228ms
2022-09-15T09:44:18.723Z - [[32MINFO[39M] - Receive from [CART_CHANGED], event: [ADD_TO_CART], time: 30.48479998111725ms
2022-09-15T09:44:23.670Z - [[32MINFO[39M] - Receive from [CART_CHANGED], event: [ADD_TO_CART], time: 16.654600024223328ms
2022-09-15T09:44:31.782Z - [[32MINFO[39M] - Receive from [ORDER_CHANGED], event: [CREATE_ORDER], time: 20.082000017166138ms
2022-09-15T09:44:31.929Z - [[32MINFO[39M] - Receive from [BUDGET_CHANGED], event: [TRANSFER_BUDGET], time: 0.9447000026702881ms
2022-09-15T09:44:32.022Z - [[32MINFO[39M] - Receive from [ORDER_CHANGED], event: [UPDATE_IN_ORDER], time: 58.79509997367859ms
2022-09-15T09:44:32.023Z - [[32MINFO[39M] - Receive from [CART_CHANGED], event: [REMOVE_ALL_CART], time: 58.947800040245056ms
2022-09-15T09:45:45.726Z - [[32MINFO[39M] - Receive from [BUDGET_CHANGED], event: [TRANSFER_BUDGET], time: 0.018599987030029297ms
2022-09-15T09:45:45.728Z - [[32MINFO[39M] - Receive from [ORDER_CHANGED], event: [CREATE_ORDER], time: 21.107900023460388ms
2022-09-15T09:45:45.759Z - [[32MINFO[39M] - Receive from [ORDER_CHANGED], event: [UPDATE_IN_ORDER], time: 24.809599995613098ms
2022-09-15T09:45:45.765Z - [[32MINFO[39M] - Receive from [CART_CHANGED], event: [REMOVE_ALL_CART], time: 22.34629988670349ms
2022-09-15T09:51:53.052Z - [[32MINFO[39M] - Receive from [PROGRESS_CHANGED], event: [ADD_COURSE_TO_PROGRESS], time: 46.494500041007996ms
2022-09-15T09:54:56.533Z - [[32MINFO[39M] - Receive from [CART_CHANGED], event: [ADD_TO_CART], time: 43.40839993953705ms
2022-09-15T09:55:02.362Z - [[32MINFO[39M] - Receive from [CART_CHANGED], event: [ADD_TO_CART], time: 15.578100085258484ms
2022-09-15T09:55:11.228Z - [[32MINFO[39M] - Receive from [ORDER_CHANGED], event: [CREATE_ORDER], time: 27.284299969673157ms
2022-09-15T09:55:11.420Z - [[32MINFO[39M] - Receive from [BUDGET_CHANGED], event: [TRANSFER_BUDGET], time: 0.47089993953704834ms
2022-09-15T09:55:11.517Z - [[32MINFO[39M] - Receive from [ORDER_CHANGED], event: [UPDATE_IN_ORDER], time: 66.89890003204346ms
2022-09-15T09:55:11.519Z - [[32MINFO[39M] - Receive from [CART_CHANGED], event: [REMOVE_ALL_CART], time: 68.72309994697571ms
2022-09-15T09:55:11.571Z - [[32MINFO[39M] - Receive from [PROGRESS_CHANGED], event: [ADD_COURSE_TO_PROGRESS], time: 14.832300066947937ms
2022-09-15T09:56:51.640Z - [[32MINFO[39M] - Receive from [PROGRESS_CHANGED], event: [EXPIRE_COURSE_IN_PROGRESS], time: 58.80850005149841ms
2022-09-15T10:01:37.869Z - [[32MINFO[39M] - Receive from [CART_CHANGED], event: [ADD_TO_CART], time: 325.7711000442505ms
2022-09-15T10:01:43.680Z - [[32MINFO[39M] - Receive from [CART_CHANGED], event: [ADD_TO_CART], time: 24.295000076293945ms
2022-09-15T10:01:46.483Z - [[32MINFO[39M] - Receive from [ORDER_CHANGED], event: [CREATE_ORDER], time: 21.632500052452087ms
2022-09-15T10:03:06.780Z - [[32MINFO[39M] - Receive from [ORDER_CHANGED], event: [CREATE_ORDER], time: 123.36469995975494ms
2022-09-15T10:03:06.861Z - [[32MINFO[39M] - Receive from [BUDGET_CHANGED], event: [TRANSFER_BUDGET], time: 2.037600040435791ms
2022-09-15T10:03:07.039Z - [[32MINFO[39M] - Receive from [ORDER_CHANGED], event: [UPDATE_IN_ORDER], time: 119.70319998264313ms
2022-09-15T10:03:07.041Z - [[32MINFO[39M] - Receive from [CART_CHANGED], event: [REMOVE_ALL_CART], time: 120.13849997520447ms
2022-09-15T10:03:07.264Z - [[32MINFO[39M] - Receive from [PROGRESS_CHANGED], event: [ADD_COURSE_TO_PROGRESS], time: 16.799999952316284ms
2022-09-15T10:04:47.295Z - [[32MINFO[39M] - Receive from [PROGRESS_CHANGED], event: [EXPIRE_COURSE_IN_PROGRESS], time: 24.562999963760376ms
2022-09-15T16:15:28.616Z - [[32MINFO[39M] - Receive from [ASSISTANT_CHANGED], event: [ADD_ASSISTANT_TO_SERVICE], time: 304.6226999759674ms
2022-09-15T16:19:22.575Z - [[32MINFO[39M] - Receive from [ASSISTANT_CHANGED], event: [ADD_ASSISTANT_TO_SERVICE], time: 139.19060003757477ms
2022-09-15T16:19:37.961Z - [[32MINFO[39M] - Receive from [ASSISTANT_CHANGED], event: [ADD_ASSISTANT_TO_SERVICE], time: 36.61900007724762ms
2022-09-15T16:22:51.385Z - [[32MINFO[39M] - Receive from [CART_CHANGED], event: [ADD_TO_CART], time: 142.24010002613068ms
2022-09-15T16:22:56.213Z - [[32MINFO[39M] - Receive from [CART_CHANGED], event: [ADD_TO_CART], time: 57.80199992656708ms
2022-09-15T16:23:05.079Z - [[32MINFO[39M] - Receive from [ORDER_CHANGED], event: [CREATE_ORDER], time: 62.420599937438965ms
2022-09-15T16:25:49.105Z - [[32MINFO[39M] - Receive from [ORDER_CHANGED], event: [CREATE_ORDER], time: 48.202800035476685ms
2022-09-15T16:33:17.337Z - [[32MINFO[39M] - Receive from [ORDER_CHANGED], event: [CREATE_ORDER], time: 293.04089999198914ms
2022-09-15T16:34:16.498Z - [[32MINFO[39M] - Receive from [ORDER_CHANGED], event: [CREATE_ORDER], time: 40.57679998874664ms
2022-09-15T16:34:16.690Z - [[32MINFO[39M] - Receive from [BUDGET_CHANGED], event: [TRANSFER_BUDGET], time: 2.99019992351532ms
2022-09-15T16:34:16.865Z - [[32MINFO[39M] - Receive from [CART_CHANGED], event: [REMOVE_ALL_CART], time: 86.35459995269775ms
2022-09-15T16:34:16.868Z - [[32MINFO[39M] - Receive from [ORDER_CHANGED], event: [UPDATE_IN_ORDER], time: 90.30680000782013ms
2022-09-15T16:34:17.182Z - [[32MINFO[39M] - Receive from [PROGRESS_CHANGED], event: [ADD_COURSE_TO_PROGRESS], time: 21.478000044822693ms
2022-09-15T17:42:23.537Z - [[32MINFO[39M] - Receive from [CART_CHANGED], event: [ADD_TO_CART], time: 59.736299991607666ms
2022-09-15T17:46:53.480Z - [[32MINFO[39M] - Receive from [BUDGET_CHANGED], event: [RECHARGE_BUDGET], time: 1284.7813999652863ms
2022-09-15T17:47:19.206Z - [[32MINFO[39M] - Receive from [CART_CHANGED], event: [ADD_TO_CART], time: 21.67709994316101ms
2022-09-15T17:47:37.318Z - [[32MINFO[39M] - Receive from [ORDER_CHANGED], event: [CREATE_ORDER], time: 20.95449995994568ms
2022-09-15T17:47:37.404Z - [[32MINFO[39M] - Receive from [BUDGET_CHANGED], event: [TRANSFER_BUDGET], time: 0.5911999940872192ms
2022-09-15T17:47:37.510Z - [[32MINFO[39M] - Receive from [ORDER_CHANGED], event: [UPDATE_IN_ORDER], time: 42.6275999546051ms
2022-09-15T17:47:37.511Z - [[32MINFO[39M] - Receive from [CART_CHANGED], event: [REMOVE_ALL_CART], time: 40.00179994106293ms
2022-09-15T17:47:37.734Z - [[32MINFO[39M] - Receive from [PROGRESS_CHANGED], event: [ADD_COURSE_TO_PROGRESS], time: 19.49839997291565ms
